<?xml version="1.0" encoding="UTF-8"?>
<testsuite name="MarsRoverShould" tests="7" skipped="0" failures="0" errors="0" timestamp="2022-09-13T14:29:24" hostname="Meryems-MacBook-Pro.local" time="0.052">
  <properties/>
  <testcase name="turn_left_from_north_to_west()" classname="MarsRoverShould" time="0.029"/>
  <testcase name="turn_right_from_north_to_east()" classname="MarsRoverShould" time="0.002"/>
  <testcase name="move_from_0_0_to_0_1()" classname="MarsRoverShould" time="0.005"/>
  <testcase name="move_from_0_0_to_0_2()" classname="MarsRoverShould" time="0.001"/>
  <testcase name="move_from_0_0_to_0_3()" classname="MarsRoverShould" time="0.001"/>
  <testcase name="turn_right()" classname="MarsRoverShould" time="0.001"/>
  <testcase name="turn_right_twice()" classname="MarsRoverShould" time="0.002"/>
  <system-out><![CDATA[]]></system-out>
  <system-err><![CDATA[]]></system-err>
</testsuite>
